### 12:56:34 - CRITICAL : trying to load footballTeam dataset from hard disk... 

### 12:56:34 - CRITICAL : loading footballTeam dataset from hard disk is done. 

### 12:56:34 - CRITICAL : trying to find new data... 

### 12:56:34 - CRITICAL : trying to find footballTeam data from sofifa. 

### 12:56:34 - CRITICAL : resource links : ['https://sofifa.com/teams?offset=0', 'https://sofifa.com/teams?offset=60', 'https://sofifa.com/teams?offset=120']...  

### 12:56:34 - INFO     : ['https://sofifa.com/teams?offset=0', 'https://sofifa.com/teams?offset=60', 'https://sofifa.com/teams?offset=120', 'https://sofifa.com/teams?offset=180', 'https://sofifa.com/teams?offset=240', 'https://sofifa.com/teams?offset=300', 'https://sofifa.com/teams?offset=360', 'https://sofifa.com/teams?offset=420', 'https://sofifa.com/teams?offset=480', 'https://sofifa.com/teams?offset=540', 'https://sofifa.com/teams?offset=600', 'https://sofifa.com/teams?offset=660'] 

### 12:56:34 - INFO     : 0.002s - reading page source from file ... https://sofifa.com/teams?offset=540 

### 12:56:34 - INFO     : ***** 

### 12:56:34 - INFO     : {'https://sofifa.com/teams?offset=540', 'https://sofifa.com/teams?offset=180', 'https://sofifa.com/teams?offset=300', 'https://sofifa.com/teams?offset=420', 'https://sofifa.com/teams?offset=120', 'https://sofifa.com/teams?offset=480', 'https://sofifa.com/teams?offset=600', 'https://sofifa.com/teams?offset=660', 'https://sofifa.com/teams?offset=360', 'https://sofifa.com/teams?offset=240', 'https://sofifa.com/teams?offset=0', 'https://sofifa.com/teams?offset=60'} 

### 12:56:34 - INFO     : set() 

### 12:56:34 - INFO     : {'112836', '110597', '2055', '1715', '111779', '2045', '1945', '112983', '420', '1935'} 

### 12:56:34 - INFO     : 10 

### 12:56:34 - INFO     : {'112836', '110597', '2055', '1715', '111779', '2045', '1945', '112983', '420', '1935'} 

### 12:56:34 - INFO     : {'112836', '110597', '2055', '1715', '111779', '2045', '1945', '112983', '420', '1935'} 

### 12:56:34 - CRITICAL : finding footballTeam data is done. 

### 12:56:34 - CRITICAL : Writing to file ... 

### 12:56:34 - CRITICAL : Writing to file is done. 

### 12:56:34 - INFO     : ['https://sofifa.com/teams?offset=0', 'https://sofifa.com/teams?offset=60', 'https://sofifa.com/teams?offset=120', 'https://sofifa.com/teams?offset=180', 'https://sofifa.com/teams?offset=240', 'https://sofifa.com/teams?offset=300', 'https://sofifa.com/teams?offset=360', 'https://sofifa.com/teams?offset=420', 'https://sofifa.com/teams?offset=480', 'https://sofifa.com/teams?offset=540', 'https://sofifa.com/teams?offset=600', 'https://sofifa.com/teams?offset=660'] 

### 12:56:34 - INFO     : 0.001s - reading page source from file ... https://sofifa.com/teams?offset=540 

### 12:56:35 - INFO     : ***** 

### 12:56:35 - INFO     : {'https://sofifa.com/teams?offset=540', 'https://sofifa.com/teams?offset=180', 'https://sofifa.com/teams?offset=300', 'https://sofifa.com/teams?offset=420', 'https://sofifa.com/teams?offset=120', 'https://sofifa.com/teams?offset=480', 'https://sofifa.com/teams?offset=600', 'https://sofifa.com/teams?offset=660', 'https://sofifa.com/teams?offset=360', 'https://sofifa.com/teams?offset=240', 'https://sofifa.com/teams?offset=0', 'https://sofifa.com/teams?offset=60'} 

### 12:56:35 - INFO     : set() 

### 12:56:35 - INFO     : {'112836', '110597', '2055', '1715', '111779', '2045', '822', '1945', '112983', '420', '1935'} 

### 12:56:35 - INFO     : 10 

### 12:56:35 - INFO     : {'112836', '110597', '2055', '1715', '111779', '2045', '822', '1945', '112983', '420', '1935'} 

### 12:56:35 - INFO     : {'822'} 

### 12:56:35 - CRITICAL : finding footballTeam data is done. 

### 12:56:35 - CRITICAL : Writing to file ... 

### 12:56:35 - CRITICAL : Writing to file is done. 

### 12:56:35 - INFO     : ['https://sofifa.com/teams?offset=0', 'https://sofifa.com/teams?offset=60', 'https://sofifa.com/teams?offset=120', 'https://sofifa.com/teams?offset=180', 'https://sofifa.com/teams?offset=240', 'https://sofifa.com/teams?offset=300', 'https://sofifa.com/teams?offset=360', 'https://sofifa.com/teams?offset=420', 'https://sofifa.com/teams?offset=480', 'https://sofifa.com/teams?offset=540', 'https://sofifa.com/teams?offset=600', 'https://sofifa.com/teams?offset=660'] 

### 12:56:35 - INFO     : 0.001s - reading page source from file ... https://sofifa.com/teams?offset=540 

### 12:56:35 - INFO     : ***** 

### 12:56:35 - INFO     : {'https://sofifa.com/teams?offset=540', 'https://sofifa.com/teams?offset=180', 'https://sofifa.com/teams?offset=300', 'https://sofifa.com/teams?offset=420', 'https://sofifa.com/teams?offset=120', 'https://sofifa.com/teams?offset=480', 'https://sofifa.com/teams?offset=600', 'https://sofifa.com/teams?offset=660', 'https://sofifa.com/teams?offset=360', 'https://sofifa.com/teams?offset=240', 'https://sofifa.com/teams?offset=0', 'https://sofifa.com/teams?offset=60'} 

### 12:56:35 - INFO     : set() 

### 12:56:35 - INFO     : {'112836', '110597', '2055', '1715', '111779', '705', '2045', '822', '1945', '112983', '420', '1935'} 

### 12:56:35 - INFO     : 10 

### 12:56:35 - INFO     : {'112836', '110597', '2055', '1715', '111779', '705', '2045', '822', '1945', '112983', '420', '1935'} 

### 12:56:35 - INFO     : {'705'} 

### 12:56:35 - CRITICAL : finding footballTeam data is done. 

### 12:56:35 - CRITICAL : Writing to file ... 

### 12:56:35 - CRITICAL : Writing to file is done. 

### 12:56:35 - INFO     : ['https://sofifa.com/teams?offset=0', 'https://sofifa.com/teams?offset=60', 'https://sofifa.com/teams?offset=120', 'https://sofifa.com/teams?offset=180', 'https://sofifa.com/teams?offset=240', 'https://sofifa.com/teams?offset=300', 'https://sofifa.com/teams?offset=360', 'https://sofifa.com/teams?offset=420', 'https://sofifa.com/teams?offset=480', 'https://sofifa.com/teams?offset=540', 'https://sofifa.com/teams?offset=600', 'https://sofifa.com/teams?offset=660'] 

### 12:56:35 - INFO     : 0.001s - reading page source from file ... https://sofifa.com/teams?offset=540 

